<?xml version="1.0" encoding="UTF-8"?>
<!-- Generated by org.testng.reporters.JUnitXMLReporter -->
<testsuite hostname="akshay" name="Default test" tests="4" failures="0" timestamp="9 Dec 2018 03:55:00 GMT" time="0.06" errors="0">
  <testcase name="add" time="0.027" classname="com.qa.test.DemoTest"/>
  <testcase name="div" time="0.003" classname="com.qa.test.DemoTest"/>
  <testcase name="mul" time="0.005" classname="com.qa.test.DemoTest"/>
  <testcase name="sub" time="0.002" classname="com.qa.test.DemoTest"/>
</testsuite> <!-- Default test -->
