<?xml version="1.0" encoding="UTF-8"?>
<testng-results skipped="0" failed="0" total="4" passed="4">
  <reporter-output>
  </reporter-output>
  <suite name="Default suite" duration-ms="60" started-at="2018-12-09T03:55:00Z" finished-at="2018-12-09T03:55:00Z">
    <groups>
    </groups>
    <test name="Default test" duration-ms="60" started-at="2018-12-09T03:55:00Z" finished-at="2018-12-09T03:55:00Z">
      <class name="com.qa.test.DemoTest">
        <test-method status="PASS" signature="add()[pri:0, instance:com.qa.test.DemoTest@28feb3fa]" name="add" duration-ms="27" started-at="2018-12-08T19:55:00Z" finished-at="2018-12-08T19:55:00Z">
          <reporter-output>
          </reporter-output>
        </test-method> <!-- add -->
        <test-method status="PASS" signature="div()[pri:0, instance:com.qa.test.DemoTest@28feb3fa]" name="div" duration-ms="3" started-at="2018-12-08T19:55:00Z" finished-at="2018-12-08T19:55:00Z">
          <reporter-output>
          </reporter-output>
        </test-method> <!-- div -->
        <test-method status="PASS" signature="mul()[pri:0, instance:com.qa.test.DemoTest@28feb3fa]" name="mul" duration-ms="5" started-at="2018-12-08T19:55:00Z" finished-at="2018-12-08T19:55:00Z">
          <reporter-output>
          </reporter-output>
        </test-method> <!-- mul -->
        <test-method status="PASS" signature="sub()[pri:0, instance:com.qa.test.DemoTest@28feb3fa]" name="sub" duration-ms="2" started-at="2018-12-08T19:55:00Z" finished-at="2018-12-08T19:55:00Z">
          <reporter-output>
          </reporter-output>
        </test-method> <!-- sub -->
      </class> <!-- com.qa.test.DemoTest -->
    </test> <!-- Default test -->
  </suite> <!-- Default suite -->
</testng-results>
